<?xml version="1.0" encoding="UTF-8"?>
<testng-results skipped="0" failed="0" total="1" passed="1">
  <reporter-output>
  </reporter-output>
  <suite name="Default suite" duration-ms="21903" started-at="2020-06-21T07:45:23Z" finished-at="2020-06-21T07:45:45Z">
    <groups>
    </groups>
    <test name="Default test" duration-ms="21903" started-at="2020-06-21T07:45:23Z" finished-at="2020-06-21T07:45:45Z">
      <class name="registration_form.registration">
        <test-method status="PASS" signature="phpsite()[pri:0, instance:registration_form.registration@32d992b2]" name="phpsite" duration-ms="21879" started-at="2020-06-21T08:45:23Z" finished-at="2020-06-21T08:45:45Z">
          <reporter-output>
          </reporter-output>
        </test-method> <!-- phpsite -->
      </class> <!-- registration_form.registration -->
    </test> <!-- Default test -->
  </suite> <!-- Default suite -->
</testng-results>
